<?xml version="1.0" encoding="UTF-8"?>
<!-- Generated by org.testng.reporters.JUnitXMLReporter -->
<testsuite ignored="0" hostname="DESKTOP-33SRJLK" failures="4" tests="4" name="Test" time="5.427" errors="0" timestamp="2023-04-06T11:10:18 IST">
  <testcase classname="test_class.Test_classes" name="orchestractor" time="0.197">
    <failure type="java.io.FileNotFoundException" message="C:\Users\PC\Desktop\testdata.xlsx (The system cannot find the file specified)">
      <![CDATA[java.io.FileNotFoundException: C:\Users\PC\Desktop\testdata.xlsx (The system cannot find the file specified)
at java.base/java.io.FileInputStream.open0(Native Method)
at java.base/java.io.FileInputStream.open(FileInputStream.java:216)
at java.base/java.io.FileInputStream.<init>(FileInputStream.java:157)
at java.base/java.io.FileInputStream.<init>(FileInputStream.java:111)
at common_method.DataDriven.getDataExcel(DataDriven.java:17)
at request_repository.request_repository.post_request_body(request_repository.java:25)
at test_class.Test_classes.orchestractor(Test_classes.java:23)
at java.base/java.util.ArrayList.forEach(ArrayList.java:1511)
... Removed 27 stack frames]]>
    </failure>
  </testcase> <!-- orchestractor -->
  <testcase classname="test_class.Test_class_patch" name="orchestractor" time="0.006">
    <failure type="java.io.FileNotFoundException" message="C:\Users\PC\Desktop\testdata.xlsx (The system cannot find the file specified)">
      <![CDATA[java.io.FileNotFoundException: C:\Users\PC\Desktop\testdata.xlsx (The system cannot find the file specified)
at java.base/java.io.FileInputStream.open0(Native Method)
at java.base/java.io.FileInputStream.open(FileInputStream.java:216)
at java.base/java.io.FileInputStream.<init>(FileInputStream.java:157)
at java.base/java.io.FileInputStream.<init>(FileInputStream.java:111)
at common_method.DataDriven.getDataExcel(DataDriven.java:17)
at request_repository.request_repository.patch_request_body(request_repository.java:44)
at test_class.Test_class_patch.orchestractor(Test_class_patch.java:20)
at java.base/java.util.ArrayList.forEach(ArrayList.java:1511)
... Removed 27 stack frames]]>
    </failure>
  </testcase> <!-- orchestractor -->
  <testcase classname="test_class.Test_class_put" name="orchestractor" time="0.008">
    <failure type="java.io.FileNotFoundException" message="C:\Users\PC\Desktop\testdata.xlsx (The system cannot find the file specified)">
      <![CDATA[java.io.FileNotFoundException: C:\Users\PC\Desktop\testdata.xlsx (The system cannot find the file specified)
at java.base/java.io.FileInputStream.open0(Native Method)
at java.base/java.io.FileInputStream.open(FileInputStream.java:216)
at java.base/java.io.FileInputStream.<init>(FileInputStream.java:157)
at java.base/java.io.FileInputStream.<init>(FileInputStream.java:111)
at common_method.DataDriven.getDataExcel(DataDriven.java:17)
at request_repository.request_repository.put_request_body(request_repository.java:63)
at test_class.Test_class_put.orchestractor(Test_class_put.java:22)
at java.base/java.util.ArrayList.forEach(ArrayList.java:1511)
... Removed 27 stack frames]]>
    </failure>
  </testcase> <!-- orchestractor -->
  <testcase classname="test_class.Test_class_get" name="orchestractor" time="4.955">
    <failure type="java.io.IOException" message="The device is not ready">
      <![CDATA[java.io.IOException: The device is not ready
at java.base/java.io.WinNTFileSystem.createFileExclusively(Native Method)
at java.base/java.io.File.createNewFile(File.java:1043)
at common_method.Utility_common_method_.evidencefilecreator(Utility_common_method_.java:11)
at test_class.Test_class_get.orchestractor(Test_class_get.java:36)
at java.base/java.util.ArrayList.forEach(ArrayList.java:1511)
... Removed 27 stack frames]]>
    </failure>
  </testcase> <!-- orchestractor -->
</testsuite> <!-- Test -->
